Arguments: 
  /home/richiehydra/.nvm/versions/node/v18.12.1/bin/node /home/richiehydra/.nvm/versions/node/v18.12.1/bin/yarn

PATH: 
  /home/richiehydra/.local/share/solana/install/active_release/bin:/home/richiehydra/.cargo/bin:/home/richiehydra/.nvm/versions/node/v18.12.1/bin:/usr/local/sbin:/usr/local/bin:/usr/sbin:/usr/bin:/sbin:/bin:/usr/games:/usr/local/games:/usr/lib/wsl/lib:/mnt/c/Program Files/Python310/Scripts/:/mnt/c/Program Files/Python310/:/mnt/c/windows/system32:/mnt/c/windows:/mnt/c/windows/System32/Wbem:/mnt/c/windows/System32/WindowsPowerShell/v1.0/:/mnt/c/windows/System32/OpenSSH/:/mnt/c/Program Files (x86)/NVIDIA Corporation/PhysX/Common:/mnt/c/Program Files/NVIDIA Corporation/NVIDIA NvDLISR:/mnt/c/WINDOWS/system32:/mnt/c/WINDOWS:/mnt/c/WINDOWS/System32/Wbem:/mnt/c/WINDOWS/System32/WindowsPowerShell/v1.0/:/mnt/c/WINDOWS/System32/OpenSSH/:/mnt/c/Program Files/nodejs/:/mnt/c/Program Files/Git/cmd:/mnt/c/Users/hydrarichie/.cargo/bin:/mnt/c/Users/hydrarichie/AppData/Local/Microsoft/WindowsApps:/mnt/c/Users/hydrarichie/AppData/Local/Programs/Microsoft VS Code/bin:/mnt/c/MinGW/bin:/mnt/c/Users/hydrarichie/AppData/Roaming/npm:/snap/bin

Yarn version: 
  1.22.19

Node version: 
  18.12.1

Platform: 
  linux x64

Trace: 
  Error: EPERM: operation not permitted, copyfile '/home/richiehydra/.cache/yarn/v6/npm-ansi-colors-4.1.1-cbb9ae256bf750af1eab344f229aa27fe94ba348-integrity/node_modules/ansi-colors/LICENSE' -> '/mnt/c/Users/hydrarichie/Desktop/Solana/myepicproject/node_modules/ansi-colors/LICENSE'

npm manifest: 
  {
      "scripts": {
          "lint:fix": "prettier */*.js \"*/**/*{.js,.ts}\" -w",
          "lint": "prettier */*.js \"*/**/*{.js,.ts}\" --check"
      },
      "dependencies": {
          "@project-serum/anchor": "^0.25.0"
      },
      "devDependencies": {
          "chai": "^4.3.4",
          "mocha": "^9.0.3",
          "prettier": "^2.6.2"
      }
  }

yarn manifest: 
  No manifest

Lockfile: 
  No lockfile
